<?xml version="1.0" encoding="UTF-8" ?>
<testsuite tests="4" failures="0" name="ru.leroymerlin.dataplatform.data.lineage.ParseFiltersTest" time="0.381" errors="0" skipped="0">
  <properties>
[...]
</properties>
  <testcase classname="ru.leroymerlin.dataplatform.data.lineage.ParseFiltersTest" name="testGetAnyList" time="0.307"/>
  <testcase classname="ru.leroymerlin.dataplatform.data.lineage.ParseFiltersTest" name="testSplitFilters" time="0.049"/>
  <testcase classname="ru.leroymerlin.dataplatform.data.lineage.ParseFiltersTest" name="testGetValueType" time="0.004"/>
  <testcase classname="ru.leroymerlin.dataplatform.data.lineage.ParseFiltersTest" name="testParseFiltersStruct" time="0.021"/>
</testsuite>